<?xml version="1.0" encoding="UTF-8"?>
<!-- Generated by org.testng.reporters.JUnitXMLReporter -->
<testsuite hostname="kadamba-desktop" name="OpenWorld_Test" tests="8" failures="0" timestamp="27 Jul 2018 10:24:22 GMT" time="30.166" errors="0">
  <testcase name="Test1" time="0.064" classname="TestReport.Login_Test"/>
  <testcase name="Test2" time="2.131" classname="TestReport.Login_Test"/>
  <testcase name="Test3" time="0.96" classname="TestReport.Login_Test"/>
  <testcase name="Test4" time="1.287" classname="TestReport.Login_Test"/>
  <testcase name="Test5" time="1.256" classname="TestReport.Login_Test"/>
  <testcase name="Test6" time="1.028" classname="TestReport.Login_Test"/>
  <testcase name="Test7" time="1.158" classname="TestReport.Login_Test"/>
  <testcase name="Test8" time="1.21" classname="TestReport.Login_Test"/>
</testsuite> <!-- OpenWorld_Test -->
