<?xml version="1.0" encoding="UTF-8"?>
<testng-results skipped="1" failed="1" total="9" passed="7">
  <reporter-output>
  </reporter-output>
  <suite name="OpenWorld_Suite" duration-ms="99422" started-at="2018-08-01T12:02:52Z" finished-at="2018-08-01T12:04:31Z">
    <groups>
    </groups>
    <test name="Login_Test" duration-ms="40065" started-at="2018-08-01T12:02:52Z" finished-at="2018-08-01T12:03:32Z">
      <class name="TestReport.Login_Test">
        <test-method status="PASS" signature="beforeTest(java.lang.String)[pri:0, instance:TestReport.Login_Test@5c3bd550]" name="beforeTest" is-config="true" duration-ms="1804" started-at="2018-08-01T17:32:52Z" finished-at="2018-08-01T17:32:53Z">
          <params>
            <param index="0">
              <value>
                <![CDATA[Login_TestReport]]>
              </value>
            </param>
          </params>
          <reporter-output>
          </reporter-output>
        </test-method> <!-- beforeTest -->
        <test-method status="PASS" signature="beforeMethod(java.lang.String, java.lang.Boolean)[pri:0, instance:TestReport.Login_Test@5c3bd550]" name="beforeMethod" is-config="true" duration-ms="13455" started-at="2018-08-01T17:32:53Z" finished-at="2018-08-01T17:33:07Z">
          <params>
            <param index="0">
              <value>
                <![CDATA[chrome]]>
              </value>
            </param>
            <param index="1">
              <value>
                <![CDATA[true]]>
              </value>
            </param>
          </params>
          <reporter-output>
          </reporter-output>
        </test-method> <!-- beforeMethod -->
        <test-method status="PASS" signature="Test1()[pri:0, instance:TestReport.Login_Test@5c3bd550]" name="Test1" duration-ms="511" started-at="2018-08-01T17:33:07Z" finished-at="2018-08-01T17:33:07Z">
          <reporter-output>
          </reporter-output>
        </test-method> <!-- Test1 -->
        <test-method status="PASS" signature="afterMethod(org.testng.ITestResult)[pri:0, instance:TestReport.Login_Test@5c3bd550]" name="afterMethod" is-config="true" duration-ms="155" started-at="2018-08-01T17:33:07Z" finished-at="2018-08-01T17:33:08Z">
          <params>
            <param index="0">
              <value>
                <![CDATA[[TestResult name=Test1 status=SUCCESS method=Login_Test.Test1()[pri:0, instance:TestReport.Login_Test@5c3bd550] output={null}]]]>
              </value>
            </param>
          </params>
          <reporter-output>
          </reporter-output>
        </test-method> <!-- afterMethod -->
        <test-method status="PASS" signature="beforeMethod(java.lang.String, java.lang.Boolean)[pri:0, instance:TestReport.Login_Test@5c3bd550]" name="beforeMethod" is-config="true" duration-ms="2804" started-at="2018-08-01T17:33:08Z" finished-at="2018-08-01T17:33:10Z">
          <params>
            <param index="0">
              <value>
                <![CDATA[chrome]]>
              </value>
            </param>
            <param index="1">
              <value>
                <![CDATA[true]]>
              </value>
            </param>
          </params>
          <reporter-output>
          </reporter-output>
        </test-method> <!-- beforeMethod -->
        <test-method status="PASS" signature="Test7()[pri:0, instance:TestReport.Login_Test@5c3bd550]" name="Test7" duration-ms="804" started-at="2018-08-01T17:33:10Z" depends-on-methods="TestReport.Login_Test.Test1" finished-at="2018-08-01T17:33:11Z">
          <reporter-output>
          </reporter-output>
        </test-method> <!-- Test7 -->
        <test-method status="PASS" signature="afterMethod(org.testng.ITestResult)[pri:0, instance:TestReport.Login_Test@5c3bd550]" name="afterMethod" is-config="true" duration-ms="71" started-at="2018-08-01T17:33:11Z" finished-at="2018-08-01T17:33:11Z">
          <params>
            <param index="0">
              <value>
                <![CDATA[[TestResult name=Test7 status=SUCCESS method=Login_Test.Test7()[pri:0, instance:TestReport.Login_Test@5c3bd550] output={null}]]]>
              </value>
            </param>
          </params>
          <reporter-output>
          </reporter-output>
        </test-method> <!-- afterMethod -->
        <test-method status="PASS" signature="beforeMethod(java.lang.String, java.lang.Boolean)[pri:0, instance:TestReport.Login_Test@5c3bd550]" name="beforeMethod" is-config="true" duration-ms="1477" started-at="2018-08-01T17:33:11Z" finished-at="2018-08-01T17:33:13Z">
          <params>
            <param index="0">
              <value>
                <![CDATA[chrome]]>
              </value>
            </param>
            <param index="1">
              <value>
                <![CDATA[true]]>
              </value>
            </param>
          </params>
          <reporter-output>
          </reporter-output>
        </test-method> <!-- beforeMethod -->
        <test-method status="FAIL" signature="Test2()[pri:0, instance:TestReport.Login_Test@5c3bd550]" name="Test2" duration-ms="380" started-at="2018-08-01T17:33:13Z" depends-on-methods="TestReport.Login_Test.Test1" finished-at="2018-08-01T17:33:13Z">
          <exception class="java.lang.AssertionError">
            <message>
              <![CDATA[Not a Home Page expected [http://192.168.2.17:5000/#/] but found [http://192.168.2.17:5000/]]]>
            </message>
            <full-stacktrace>
              <![CDATA[java.lang.AssertionError: Not a Home Page expected [http://192.168.2.17:5000/#/] but found [http://192.168.2.17:5000/]
	at org.testng.Assert.fail(Assert.java:94)
	at org.testng.Assert.failNotEquals(Assert.java:494)
	at org.testng.Assert.assertEquals(Assert.java:123)
	at org.testng.Assert.assertEquals(Assert.java:176)
	at Flow.Login.validLogin(Login.java:42)
	at TestReport.Login_Test.Test2(Login_Test.java:118)
	at sun.reflect.NativeMethodAccessorImpl.invoke0(Native Method)
	at sun.reflect.NativeMethodAccessorImpl.invoke(NativeMethodAccessorImpl.java:62)
	at sun.reflect.DelegatingMethodAccessorImpl.invoke(DelegatingMethodAccessorImpl.java:43)
	at java.lang.reflect.Method.invoke(Method.java:498)
	at org.testng.internal.MethodInvocationHelper.invokeMethod(MethodInvocationHelper.java:80)
	at org.testng.internal.Invoker.invokeMethod(Invoker.java:714)
	at org.testng.internal.Invoker.invokeTestMethod(Invoker.java:901)
	at org.testng.internal.Invoker.invokeTestMethods(Invoker.java:1231)
	at org.testng.internal.TestMethodWorker.invokeTestMethods(TestMethodWorker.java:127)
	at org.testng.internal.TestMethodWorker.run(TestMethodWorker.java:111)
	at org.testng.TestRunner.privateRun(TestRunner.java:767)
	at org.testng.TestRunner.run(TestRunner.java:617)
	at org.testng.SuiteRunner.runTest(SuiteRunner.java:334)
	at org.testng.SuiteRunner.runSequentially(SuiteRunner.java:329)
	at org.testng.SuiteRunner.privateRun(SuiteRunner.java:291)
	at org.testng.SuiteRunner.run(SuiteRunner.java:240)
	at org.testng.SuiteRunnerWorker.runSuite(SuiteRunnerWorker.java:52)
	at org.testng.SuiteRunnerWorker.run(SuiteRunnerWorker.java:86)
	at org.testng.TestNG.runSuitesSequentially(TestNG.java:1198)
	at org.testng.TestNG.runSuitesLocally(TestNG.java:1123)
	at org.testng.TestNG.run(TestNG.java:1031)
	at org.testng.remote.AbstractRemoteTestNG.run(AbstractRemoteTestNG.java:114)
	at org.testng.remote.RemoteTestNG.initAndRun(RemoteTestNG.java:251)
	at org.testng.remote.RemoteTestNG.main(RemoteTestNG.java:77)
]]>
            </full-stacktrace>
          </exception> <!-- java.lang.AssertionError -->
          <reporter-output>
          </reporter-output>
        </test-method> <!-- Test2 -->
        <test-method status="PASS" signature="afterMethod(org.testng.ITestResult)[pri:0, instance:TestReport.Login_Test@5c3bd550]" name="afterMethod" is-config="true" duration-ms="2542" started-at="2018-08-01T17:33:13Z" finished-at="2018-08-01T17:33:16Z">
          <params>
            <param index="0">
              <value>
                <![CDATA[[TestResult name=Test2 status=FAILURE method=Login_Test.Test2()[pri:0, instance:TestReport.Login_Test@5c3bd550] output={null}]]]>
              </value>
            </param>
          </params>
          <reporter-output>
          </reporter-output>
        </test-method> <!-- afterMethod -->
        <test-method status="PASS" signature="beforeMethod(java.lang.String, java.lang.Boolean)[pri:0, instance:TestReport.Login_Test@5c3bd550]" name="beforeMethod" is-config="true" duration-ms="3233" started-at="2018-08-01T17:33:16Z" finished-at="2018-08-01T17:33:19Z">
          <params>
            <param index="0">
              <value>
                <![CDATA[chrome]]>
              </value>
            </param>
            <param index="1">
              <value>
                <![CDATA[true]]>
              </value>
            </param>
          </params>
          <reporter-output>
          </reporter-output>
        </test-method> <!-- beforeMethod -->
        <test-method status="PASS" signature="Test3()[pri:0, instance:TestReport.Login_Test@5c3bd550]" name="Test3" duration-ms="957" started-at="2018-08-01T17:33:19Z" depends-on-methods="TestReport.Login_Test.Test1" finished-at="2018-08-01T17:33:20Z">
          <reporter-output>
          </reporter-output>
        </test-method> <!-- Test3 -->
        <test-method status="PASS" signature="afterMethod(org.testng.ITestResult)[pri:0, instance:TestReport.Login_Test@5c3bd550]" name="afterMethod" is-config="true" duration-ms="87" started-at="2018-08-01T17:33:20Z" finished-at="2018-08-01T17:33:20Z">
          <params>
            <param index="0">
              <value>
                <![CDATA[[TestResult name=Test3 status=SUCCESS method=Login_Test.Test3()[pri:0, instance:TestReport.Login_Test@5c3bd550] output={null}]]]>
              </value>
            </param>
          </params>
          <reporter-output>
          </reporter-output>
        </test-method> <!-- afterMethod -->
        <test-method status="PASS" signature="beforeMethod(java.lang.String, java.lang.Boolean)[pri:0, instance:TestReport.Login_Test@5c3bd550]" name="beforeMethod" is-config="true" duration-ms="1830" started-at="2018-08-01T17:33:20Z" finished-at="2018-08-01T17:33:22Z">
          <params>
            <param index="0">
              <value>
                <![CDATA[chrome]]>
              </value>
            </param>
            <param index="1">
              <value>
                <![CDATA[true]]>
              </value>
            </param>
          </params>
          <reporter-output>
          </reporter-output>
        </test-method> <!-- beforeMethod -->
        <test-method status="PASS" signature="Test4()[pri:0, instance:TestReport.Login_Test@5c3bd550]" name="Test4" duration-ms="923" started-at="2018-08-01T17:33:22Z" depends-on-methods="TestReport.Login_Test.Test1" finished-at="2018-08-01T17:33:23Z">
          <reporter-output>
          </reporter-output>
        </test-method> <!-- Test4 -->
        <test-method status="PASS" signature="afterMethod(org.testng.ITestResult)[pri:0, instance:TestReport.Login_Test@5c3bd550]" name="afterMethod" is-config="true" duration-ms="77" started-at="2018-08-01T17:33:23Z" finished-at="2018-08-01T17:33:23Z">
          <params>
            <param index="0">
              <value>
                <![CDATA[[TestResult name=Test4 status=SUCCESS method=Login_Test.Test4()[pri:0, instance:TestReport.Login_Test@5c3bd550] output={null}]]]>
              </value>
            </param>
          </params>
          <reporter-output>
          </reporter-output>
        </test-method> <!-- afterMethod -->
        <test-method status="PASS" signature="beforeMethod(java.lang.String, java.lang.Boolean)[pri:0, instance:TestReport.Login_Test@5c3bd550]" name="beforeMethod" is-config="true" duration-ms="1889" started-at="2018-08-01T17:33:23Z" finished-at="2018-08-01T17:33:25Z">
          <params>
            <param index="0">
              <value>
                <![CDATA[chrome]]>
              </value>
            </param>
            <param index="1">
              <value>
                <![CDATA[true]]>
              </value>
            </param>
          </params>
          <reporter-output>
          </reporter-output>
        </test-method> <!-- beforeMethod -->
        <test-method status="PASS" signature="Test5()[pri:0, instance:TestReport.Login_Test@5c3bd550]" name="Test5" duration-ms="924" started-at="2018-08-01T17:33:25Z" depends-on-methods="TestReport.Login_Test.Test1" finished-at="2018-08-01T17:33:26Z">
          <reporter-output>
          </reporter-output>
        </test-method> <!-- Test5 -->
        <test-method status="PASS" signature="afterMethod(org.testng.ITestResult)[pri:0, instance:TestReport.Login_Test@5c3bd550]" name="afterMethod" is-config="true" duration-ms="73" started-at="2018-08-01T17:33:26Z" finished-at="2018-08-01T17:33:26Z">
          <params>
            <param index="0">
              <value>
                <![CDATA[[TestResult name=Test5 status=SUCCESS method=Login_Test.Test5()[pri:0, instance:TestReport.Login_Test@5c3bd550] output={null}]]]>
              </value>
            </param>
          </params>
          <reporter-output>
          </reporter-output>
        </test-method> <!-- afterMethod -->
        <test-method status="PASS" signature="beforeMethod(java.lang.String, java.lang.Boolean)[pri:0, instance:TestReport.Login_Test@5c3bd550]" name="beforeMethod" is-config="true" duration-ms="1292" started-at="2018-08-01T17:33:26Z" finished-at="2018-08-01T17:33:27Z">
          <params>
            <param index="0">
              <value>
                <![CDATA[chrome]]>
              </value>
            </param>
            <param index="1">
              <value>
                <![CDATA[true]]>
              </value>
            </param>
          </params>
          <reporter-output>
          </reporter-output>
        </test-method> <!-- beforeMethod -->
        <test-method status="PASS" signature="Test6()[pri:0, instance:TestReport.Login_Test@5c3bd550]" name="Test6" duration-ms="736" started-at="2018-08-01T17:33:27Z" depends-on-methods="TestReport.Login_Test.Test1" finished-at="2018-08-01T17:33:28Z">
          <reporter-output>
          </reporter-output>
        </test-method> <!-- Test6 -->
        <test-method status="PASS" signature="afterMethod(org.testng.ITestResult)[pri:0, instance:TestReport.Login_Test@5c3bd550]" name="afterMethod" is-config="true" duration-ms="79" started-at="2018-08-01T17:33:28Z" finished-at="2018-08-01T17:33:28Z">
          <params>
            <param index="0">
              <value>
                <![CDATA[[TestResult name=Test6 status=SUCCESS method=Login_Test.Test6()[pri:0, instance:TestReport.Login_Test@5c3bd550] output={null}]]]>
              </value>
            </param>
          </params>
          <reporter-output>
          </reporter-output>
        </test-method> <!-- afterMethod -->
        <test-method status="PASS" signature="beforeMethod(java.lang.String, java.lang.Boolean)[pri:0, instance:TestReport.Login_Test@5c3bd550]" name="beforeMethod" is-config="true" duration-ms="1464" started-at="2018-08-01T17:33:28Z" finished-at="2018-08-01T17:33:29Z">
          <params>
            <param index="0">
              <value>
                <![CDATA[chrome]]>
              </value>
            </param>
            <param index="1">
              <value>
                <![CDATA[true]]>
              </value>
            </param>
          </params>
          <reporter-output>
          </reporter-output>
        </test-method> <!-- beforeMethod -->
        <test-method status="PASS" signature="Test8()[pri:0, instance:TestReport.Login_Test@5c3bd550]" name="Test8" duration-ms="812" started-at="2018-08-01T17:33:29Z" depends-on-methods="TestReport.Login_Test.Test1" finished-at="2018-08-01T17:33:30Z">
          <reporter-output>
          </reporter-output>
        </test-method> <!-- Test8 -->
        <test-method status="PASS" signature="afterMethod(org.testng.ITestResult)[pri:0, instance:TestReport.Login_Test@5c3bd550]" name="afterMethod" is-config="true" duration-ms="80" started-at="2018-08-01T17:33:30Z" finished-at="2018-08-01T17:33:30Z">
          <params>
            <param index="0">
              <value>
                <![CDATA[[TestResult name=Test8 status=SUCCESS method=Login_Test.Test8()[pri:0, instance:TestReport.Login_Test@5c3bd550] output={null}]]]>
              </value>
            </param>
          </params>
          <reporter-output>
          </reporter-output>
        </test-method> <!-- afterMethod -->
        <test-method status="PASS" signature="afterTest()[pri:0, instance:TestReport.Login_Test@5c3bd550]" name="afterTest" is-config="true" duration-ms="1358" started-at="2018-08-01T17:33:30Z" finished-at="2018-08-01T17:33:32Z">
          <reporter-output>
          </reporter-output>
        </test-method> <!-- afterTest -->
      </class> <!-- TestReport.Login_Test -->
    </test> <!-- Login_Test -->
    <test name="Forgotpassword_Test" duration-ms="59078" started-at="2018-08-01T12:03:32Z" finished-at="2018-08-01T12:04:31Z">
      <class name="TestReport.Forgot_Password_Test">
        <test-method status="PASS" signature="beforeTest(java.lang.String)[pri:0, instance:TestReport.Forgot_Password_Test@589838eb]" name="beforeTest" is-config="true" duration-ms="6" started-at="2018-08-01T17:33:32Z" finished-at="2018-08-01T17:33:32Z">
          <params>
            <param index="0">
              <value>
                <![CDATA[Forgotpassword_TestReport]]>
              </value>
            </param>
          </params>
          <reporter-output>
          </reporter-output>
        </test-method> <!-- beforeTest -->
        <test-method status="FAIL" signature="beforeMethod(java.lang.String, java.lang.Boolean)[pri:0, instance:TestReport.Forgot_Password_Test@589838eb]" name="beforeMethod" is-config="true" duration-ms="0" started-at="2018-08-01T17:33:32Z" finished-at="2018-08-01T17:33:32Z">
          <params>
            <param index="0">
              <value>
                <![CDATA[chrome]]>
              </value>
            </param>
            <param index="1">
              <value>
                <![CDATA[false]]>
              </value>
            </param>
          </params>
          <exception class="org.openqa.selenium.WebDriverException">
            <message>
              <![CDATA[unknown error: failed to change window state to maximized, current state is normal
  (Session info: chrome=67.0.3396.62)
  (Driver info: chromedriver=2.40.565383 (76257d1ab79276b2d53ee976b2c3e3b9f335cde7),platform=Linux 4.4.0-116-generic x86_64) (WARNING: The server did not provide any stacktrace information)
Command duration or timeout: 0 milliseconds
Build info: version: '3.12.0', revision: '7c6e0b3', time: '2018-05-08T14:04:26.12Z'
System info: host: 'kadamba-desktop', ip: '127.0.1.1', os.name: 'Linux', os.arch: 'amd64', os.version: '4.4.0-116-generic', java.version: '1.8.0_151'
Driver info: org.openqa.selenium.chrome.ChromeDriver
Capabilities {acceptInsecureCerts: false, acceptSslCerts: false, applicationCacheEnabled: false, browserConnectionEnabled: false, browserName: chrome, chrome: {chromedriverVersion: 2.40.565383 (76257d1ab79276..., userDataDir: /tmp/.org.chromium.Chromium...}, cssSelectorsEnabled: true, databaseEnabled: false, handlesAlerts: true, hasTouchScreen: false, javascriptEnabled: true, locationContextEnabled: true, mobileEmulationEnabled: false, nativeEvents: true, networkConnectionEnabled: false, pageLoadStrategy: normal, platform: LINUX, platformName: LINUX, rotatable: false, setWindowRect: true, takesHeapSnapshot: true, takesScreenshot: true, unexpectedAlertBehaviour: , unhandledPromptBehavior: , version: 67.0.3396.62, webStorageEnabled: true}
Session ID: 9f05d74e4de7b1fdbdce249a389f6b01]]>
            </message>
            <full-stacktrace>
              <![CDATA[org.openqa.selenium.WebDriverException: unknown error: failed to change window state to maximized, current state is normal
  (Session info: chrome=67.0.3396.62)
  (Driver info: chromedriver=2.40.565383 (76257d1ab79276b2d53ee976b2c3e3b9f335cde7),platform=Linux 4.4.0-116-generic x86_64) (WARNING: The server did not provide any stacktrace information)
Command duration or timeout: 0 milliseconds
Build info: version: '3.12.0', revision: '7c6e0b3', time: '2018-05-08T14:04:26.12Z'
System info: host: 'kadamba-desktop', ip: '127.0.1.1', os.name: 'Linux', os.arch: 'amd64', os.version: '4.4.0-116-generic', java.version: '1.8.0_151'
Driver info: org.openqa.selenium.chrome.ChromeDriver
Capabilities {acceptInsecureCerts: false, acceptSslCerts: false, applicationCacheEnabled: false, browserConnectionEnabled: false, browserName: chrome, chrome: {chromedriverVersion: 2.40.565383 (76257d1ab79276..., userDataDir: /tmp/.org.chromium.Chromium...}, cssSelectorsEnabled: true, databaseEnabled: false, handlesAlerts: true, hasTouchScreen: false, javascriptEnabled: true, locationContextEnabled: true, mobileEmulationEnabled: false, nativeEvents: true, networkConnectionEnabled: false, pageLoadStrategy: normal, platform: LINUX, platformName: LINUX, rotatable: false, setWindowRect: true, takesHeapSnapshot: true, takesScreenshot: true, unexpectedAlertBehaviour: , unhandledPromptBehavior: , version: 67.0.3396.62, webStorageEnabled: true}
Session ID: 9f05d74e4de7b1fdbdce249a389f6b01
	at sun.reflect.NativeConstructorAccessorImpl.newInstance0(Native Method)
	at sun.reflect.NativeConstructorAccessorImpl.newInstance(NativeConstructorAccessorImpl.java:62)
	at sun.reflect.DelegatingConstructorAccessorImpl.newInstance(DelegatingConstructorAccessorImpl.java:45)
	at java.lang.reflect.Constructor.newInstance(Constructor.java:423)
	at org.openqa.selenium.remote.ErrorHandler.createThrowable(ErrorHandler.java:214)
	at org.openqa.selenium.remote.ErrorHandler.throwIfResponseFailed(ErrorHandler.java:166)
	at org.openqa.selenium.remote.http.JsonHttpResponseCodec.reconstructValue(JsonHttpResponseCodec.java:40)
	at org.openqa.selenium.remote.http.AbstractHttpResponseCodec.decode(AbstractHttpResponseCodec.java:80)
	at org.openqa.selenium.remote.http.AbstractHttpResponseCodec.decode(AbstractHttpResponseCodec.java:44)
	at org.openqa.selenium.remote.HttpCommandExecutor.execute(HttpCommandExecutor.java:158)
	at org.openqa.selenium.remote.service.DriverCommandExecutor.execute(DriverCommandExecutor.java:83)
	at org.openqa.selenium.remote.RemoteWebDriver.execute(RemoteWebDriver.java:543)
	at org.openqa.selenium.remote.RemoteWebDriver.execute(RemoteWebDriver.java:600)
	at org.openqa.selenium.remote.RemoteWebDriver$RemoteWebDriverOptions$RemoteWindow.maximize(RemoteWebDriver.java:828)
	at TestReport.Forgot_Password_Test.beforeMethod(Forgot_Password_Test.java:56)
	at sun.reflect.NativeMethodAccessorImpl.invoke0(Native Method)
	at sun.reflect.NativeMethodAccessorImpl.invoke(NativeMethodAccessorImpl.java:62)
	at sun.reflect.DelegatingMethodAccessorImpl.invoke(DelegatingMethodAccessorImpl.java:43)
	at java.lang.reflect.Method.invoke(Method.java:498)
	at org.testng.internal.MethodInvocationHelper.invokeMethod(MethodInvocationHelper.java:80)
	at org.testng.internal.Invoker.invokeConfigurationMethod(Invoker.java:564)
	at org.testng.internal.Invoker.invokeConfigurations(Invoker.java:213)
	at org.testng.internal.Invoker.invokeMethod(Invoker.java:653)
	at org.testng.internal.Invoker.invokeTestMethod(Invoker.java:901)
	at org.testng.internal.Invoker.invokeTestMethods(Invoker.java:1231)
	at org.testng.internal.TestMethodWorker.invokeTestMethods(TestMethodWorker.java:127)
	at org.testng.internal.TestMethodWorker.run(TestMethodWorker.java:111)
	at org.testng.TestRunner.privateRun(TestRunner.java:767)
	at org.testng.TestRunner.run(TestRunner.java:617)
	at org.testng.SuiteRunner.runTest(SuiteRunner.java:334)
	at org.testng.SuiteRunner.runSequentially(SuiteRunner.java:329)
	at org.testng.SuiteRunner.privateRun(SuiteRunner.java:291)
	at org.testng.SuiteRunner.run(SuiteRunner.java:240)
	at org.testng.SuiteRunnerWorker.runSuite(SuiteRunnerWorker.java:52)
	at org.testng.SuiteRunnerWorker.run(SuiteRunnerWorker.java:86)
	at org.testng.TestNG.runSuitesSequentially(TestNG.java:1198)
	at org.testng.TestNG.runSuitesLocally(TestNG.java:1123)
	at org.testng.TestNG.run(TestNG.java:1031)
	at org.testng.remote.AbstractRemoteTestNG.run(AbstractRemoteTestNG.java:114)
	at org.testng.remote.RemoteTestNG.initAndRun(RemoteTestNG.java:251)
	at org.testng.remote.RemoteTestNG.main(RemoteTestNG.java:77)
]]>
            </full-stacktrace>
          </exception> <!-- org.openqa.selenium.WebDriverException -->
          <reporter-output>
          </reporter-output>
        </test-method> <!-- beforeMethod -->
        <test-method status="SKIP" signature="Test1()[pri:0, instance:TestReport.Forgot_Password_Test@589838eb]" name="Test1" duration-ms="1" started-at="2018-08-01T17:34:31Z" finished-at="2018-08-01T17:34:31Z">
          <reporter-output>
          </reporter-output>
        </test-method> <!-- Test1 -->
      </class> <!-- TestReport.Forgot_Password_Test -->
    </test> <!-- Forgotpassword_Test -->
  </suite> <!-- OpenWorld_Suite -->
</testng-results>
