<?xml version="1.0" encoding="UTF-8"?>
<testng-results skipped="1" failed="0" total="1" passed="0">
  <reporter-output>
  </reporter-output>
  <suite name="Default suite" duration-ms="42" started-at="2018-07-27T13:45:19Z" finished-at="2018-07-27T13:45:19Z">
    <groups>
    </groups>
    <test name="Default test" duration-ms="42" started-at="2018-07-27T13:45:19Z" finished-at="2018-07-27T13:45:19Z">
      <class name="TestReport.Forgot_Password_Test">
        <test-method status="FAIL" signature="beforeTest(java.lang.String)[pri:0, instance:TestReport.Forgot_Password_Test@5e5792a0]" name="beforeTest" is-config="true" duration-ms="0" started-at="2018-07-27T19:15:19Z" finished-at="2018-07-27T19:15:19Z">
          <exception class="org.testng.TestNGException">
            <message>
              <![CDATA[
Parameter 'reportname' is required by @Configuration on method beforeTest but has not been marked @Optional or defined
in /tmp/testng-eclipse--1861494227/testng-customsuite.xml]]>
            </message>
            <full-stacktrace>
              <![CDATA[org.testng.TestNGException: 
Parameter 'reportname' is required by @Configuration on method beforeTest but has not been marked @Optional or defined
in /tmp/testng-eclipse--1861494227/testng-customsuite.xml
	at org.testng.internal.Parameters.createParameters(Parameters.java:155)
	at org.testng.internal.Parameters.createParameters(Parameters.java:355)
	at org.testng.internal.Parameters.createConfigurationParameters(Parameters.java:86)
	at org.testng.internal.Invoker.invokeConfigurations(Invoker.java:199)
	at org.testng.internal.Invoker.invokeConfigurations(Invoker.java:138)
	at org.testng.TestRunner.beforeRun(TestRunner.java:641)
	at org.testng.TestRunner.run(TestRunner.java:609)
	at org.testng.SuiteRunner.runTest(SuiteRunner.java:334)
	at org.testng.SuiteRunner.runSequentially(SuiteRunner.java:329)
	at org.testng.SuiteRunner.privateRun(SuiteRunner.java:291)
	at org.testng.SuiteRunner.run(SuiteRunner.java:240)
	at org.testng.SuiteRunnerWorker.runSuite(SuiteRunnerWorker.java:52)
	at org.testng.SuiteRunnerWorker.run(SuiteRunnerWorker.java:86)
	at org.testng.TestNG.runSuitesSequentially(TestNG.java:1198)
	at org.testng.TestNG.runSuitesLocally(TestNG.java:1123)
	at org.testng.TestNG.run(TestNG.java:1031)
	at org.testng.remote.AbstractRemoteTestNG.run(AbstractRemoteTestNG.java:114)
	at org.testng.remote.RemoteTestNG.initAndRun(RemoteTestNG.java:251)
	at org.testng.remote.RemoteTestNG.main(RemoteTestNG.java:77)
]]>
            </full-stacktrace>
          </exception> <!-- org.testng.TestNGException -->
          <reporter-output>
          </reporter-output>
        </test-method> <!-- beforeTest -->
        <test-method status="SKIP" signature="beforeMethod(java.lang.String)[pri:0, instance:TestReport.Forgot_Password_Test@5e5792a0]" name="beforeMethod" is-config="true" duration-ms="0" started-at="2018-07-27T19:15:19Z" finished-at="2018-07-27T19:15:19Z">
          <reporter-output>
          </reporter-output>
        </test-method> <!-- beforeMethod -->
        <test-method status="SKIP" signature="Test1()[pri:0, instance:TestReport.Forgot_Password_Test@5e5792a0]" name="Test1" duration-ms="6" started-at="2018-07-27T19:15:19Z" finished-at="2018-07-27T19:15:19Z">
          <reporter-output>
          </reporter-output>
        </test-method> <!-- Test1 -->
      </class> <!-- TestReport.Forgot_Password_Test -->
    </test> <!-- Default test -->
  </suite> <!-- Default suite -->
</testng-results>
